----------------------------------------------------------------
Sat Jun 24 09:31:35 PDT 2017:
Booting Derby version The Apache Software Foundation - Apache Derby - 10.11.1.1 - (1616546): instance a816c00e-015c-daf1-bc41-00002e264168 
on database directory /tmp/spark-b3d53b32-0292-4449-a6d9-a0fa7f566656/metastore with class loader sun.misc.Launcher$AppClassLoader@63e68a2b 
Loaded from file:/usr/lib/hive/lib/derby-10.11.1.1.jar
java.vendor=Oracle Corporation
java.runtime.version=1.7.0_67-b01
user.dir=/home/cloudera/classes/fx-usd-non-farm-payroll
os.name=Linux
os.arch=amd64
os.version=2.6.32-573.el6.x86_64
derby.system.home=null
Database Class Loader started - derby.database.classpath=''
----------------------------------------------------------------
Sat Jun 24 09:34:30 PDT 2017:
Booting Derby version The Apache Software Foundation - Apache Derby - 10.11.1.1 - (1616546): instance da248395-015c-daf1-bc41-00002e264168 
on database directory /tmp/spark-44390a98-f082-4734-bb96-408ce3cdc69b/metastore with class loader sun.misc.Launcher$AppClassLoader@63e68a2b 
Loaded from file:/usr/lib/hive/lib/derby-10.11.1.1.jar
java.vendor=Oracle Corporation
java.runtime.version=1.7.0_67-b01
user.dir=/home/cloudera/classes/fx-usd-non-farm-payroll
os.name=Linux
os.arch=amd64
os.version=2.6.32-573.el6.x86_64
derby.system.home=null
Database Class Loader started - derby.database.classpath=''
